0 info it worked if it ends with ok
1 verbose cli [ '/usr/local/Cellar/node/9.3.0_1/bin/node',
1 verbose cli   '/usr/local/bin/npm',
1 verbose cli   'start' ]
2 info using npm@3.10.10
3 info using node@v6.10.3
4 verbose run-script [ 'prestart', 'start', 'poststart' ]
5 info lifecycle simple-todos@~prestart: simple-todos@
6 silly lifecycle simple-todos@~prestart: no script for prestart, continuing
7 info lifecycle simple-todos@~start: simple-todos@
8 verbose lifecycle simple-todos@~start: unsafe-perm in lifecycle true
9 verbose lifecycle simple-todos@~start: PATH: /usr/local/lib/node_modules/npm/bin/node-gyp-bin:/Users/stefan/Documents/coden/tryouts/simple-todos-react2/simple-todos-react/node_modules/.bin:/usr/local/Cellar/node/9.3.0_1/bin:/usr/local/apache-maven-3.3.9/bin:/usr/local/bin:/usr/bin:/bin:/usr/sbin:/sbin:/usr/local/share/dotnet:/Library/Frameworks/Mono.framework/Versions/Current/Commands:/usr/local/apache-maven-3.3.9/bin:/Users/stefan/Library/Android/sdk/tools:/Users/stefan/Library/Android/sdk/platform-tools:/Users/stefan/Library/Python/2.7/bin:/usr/local/mysql/bin:/Users/stefan/Library/Android/sdk/tools:/Users/stefan/Library/Android/sdk/platform-tools:/Users/stefan/Library/Python/2.7/bin:/usr/local/mysql/bin
10 verbose lifecycle simple-todos@~start: CWD: /Users/stefan/Documents/coden/tryouts/simple-todos-react2/simple-todos-react
11 silly lifecycle simple-todos@~start: Args: [ '-c', 'meteor run' ]
12 silly lifecycle simple-todos@~start: Returned: code: 254  signal: null
13 info lifecycle simple-todos@~start: Failed to exec start script
14 verbose stack Error: simple-todos@ start: `meteor run`
14 verbose stack Exit status 254
14 verbose stack     at EventEmitter.<anonymous> (/usr/local/lib/node_modules/npm/lib/utils/lifecycle.js:255:16)
14 verbose stack     at emitTwo (events.js:106:13)
14 verbose stack     at EventEmitter.emit (events.js:191:7)
14 verbose stack     at ChildProcess.<anonymous> (/usr/local/lib/node_modules/npm/lib/utils/spawn.js:40:14)
14 verbose stack     at emitTwo (events.js:106:13)
14 verbose stack     at ChildProcess.emit (events.js:191:7)
14 verbose stack     at maybeClose (internal/child_process.js:886:16)
14 verbose stack     at Process.ChildProcess._handle.onexit (internal/child_process.js:226:5)
15 verbose pkgid simple-todos@
16 verbose cwd /Users/stefan/Documents/coden/tryouts/simple-todos-react2/simple-todos-react
17 error Darwin 17.3.0
18 error argv "/usr/local/Cellar/node/9.3.0_1/bin/node" "/usr/local/bin/npm" "start"
19 error node v6.10.3
20 error npm  v3.10.10
21 error code ELIFECYCLE
22 error simple-todos@ start: `meteor run`
22 error Exit status 254
23 error Failed at the simple-todos@ start script 'meteor run'.
23 error Make sure you have the latest version of node.js and npm installed.
23 error If you do, this is most likely a problem with the simple-todos package,
23 error not with npm itself.
23 error Tell the author that this fails on your system:
23 error     meteor run
23 error You can get information on how to open an issue for this project with:
23 error     npm bugs simple-todos
23 error Or if that isn't available, you can get their info via:
23 error     npm owner ls simple-todos
23 error There is likely additional logging output above.
24 verbose exit [ 1, true ]
